<?xml version="1.0" encoding="UTF-8"?>
<testng-results ignored="0" total="1" passed="1" failed="0" skipped="0">
  <reporter-output>
  </reporter-output>
  <suite started-at="2024-08-23T03:32:37 EDT" name="Default suite" finished-at="2024-08-23T03:32:51 EDT" duration-ms="13554">
    <groups>
    </groups>
    <test started-at="2024-08-23T03:32:37 EDT" name="Default test" finished-at="2024-08-23T03:32:51 EDT" duration-ms="13554">
      <class name="com.learning.automation.test.FileUploadTest">
        <test-method is-config="true" signature="beforeEachTest()[pri:0, instance:com.learning.automation.test.FileUploadTest@25ce9dc4]" started-at="2024-08-23T03:32:37 EDT" name="beforeEachTest" finished-at="2024-08-23T03:32:44 EDT" duration-ms="6458" status="PASS">
          <reporter-output>
          </reporter-output>
        </test-method> <!-- beforeEachTest -->
        <test-method signature="fileUploadTest2()[pri:0, instance:com.learning.automation.test.FileUploadTest@25ce9dc4]" started-at="2024-08-23T03:32:44 EDT" name="fileUploadTest2" finished-at="2024-08-23T03:32:45 EDT" duration-ms="1449" status="PASS">
          <reporter-output>
          </reporter-output>
        </test-method> <!-- fileUploadTest2 -->
        <test-method is-config="true" signature="afterEachTest()[pri:0, instance:com.learning.automation.test.FileUploadTest@25ce9dc4]" started-at="2024-08-23T03:32:45 EDT" name="afterEachTest" finished-at="2024-08-23T03:32:51 EDT" duration-ms="5613" status="PASS">
          <reporter-output>
          </reporter-output>
        </test-method> <!-- afterEachTest -->
      </class> <!-- com.learning.automation.test.FileUploadTest -->
    </test> <!-- Default test -->
  </suite> <!-- Default suite -->
</testng-results>
