<?xml version="1.0" encoding="UTF-8"?>
<!-- Generated by org.testng.reporters.JUnitXMLReporter -->
<testsuite ignored="1" hostname="Jan-O" failures="0" tests="1" name="Default test" time="13.554" errors="0" timestamp="2024-08-23T03:32:51 EDT">
  <testcase classname="com.learning.automation.test.FileUploadTest" name="fileUploadTest2" time="1.449"/>
  <testcase classname="com.learning.automation.test.FileUploadTest" name="fileUploadTest1" time="0.0">
    <ignored/>
  </testcase> <!-- fileUploadTest1 -->
</testsuite> <!-- Default test -->
